{
  "RSpec": {
    "coverage": {
      "/mnt/c/Users/maxma/Documents/School/Masters/csce-606/csce-606-autograder-frontend/app/helpers/application_helper.rb": {
        "lines": [
          1,
          null
        ]
      },
      "/mnt/c/Users/maxma/Documents/School/Masters/csce-606/csce-606-autograder-frontend/app/helpers/assignments_helper.rb": {
        "lines": [
          null,
          1,
          null
        ]
      },
      "/mnt/c/Users/maxma/Documents/School/Masters/csce-606/csce-606-autograder-frontend/app/helpers/pages_helper.rb": {
        "lines": [
          1,
          null
        ]
      },
      "/mnt/c/Users/maxma/Documents/School/Masters/csce-606/csce-606-autograder-frontend/app/helpers/sessions_helper.rb": {
        "lines": [
          1,
          null
        ]
      },
      "/mnt/c/Users/maxma/Documents/School/Masters/csce-606/csce-606-autograder-frontend/app/helpers/tests_helper.rb": {
        "lines": [
          1,
          null
        ]
      },
      "/mnt/c/Users/maxma/Documents/School/Masters/csce-606/csce-606-autograder-frontend/app/helpers/users_helper.rb": {
        "lines": [
          1,
          null
        ]
      },
      "/mnt/c/Users/maxma/Documents/School/Masters/csce-606/csce-606-autograder-frontend/app/channels/application_cable/channel.rb": {
        "lines": [
          1,
          1,
          null,
          null
        ]
      },
      "/mnt/c/Users/maxma/Documents/School/Masters/csce-606/csce-606-autograder-frontend/app/controllers/application_controller.rb": {
        "lines": [
          1,
          null,
          1,
          null,
          1,
          null,
          1,
          null,
          1,
          3,
          null,
          null
        ]
      },
      "/mnt/c/Users/maxma/Documents/School/Masters/csce-606/csce-606-autograder-frontend/app/controllers/assignments_controller.rb": {
        "lines": [
          1,
          1,
          null,
          null,
          1,
          1,
          null,
          null,
          1,
          6,
          6,
          6,
          6,
          null,
          null,
          null,
          1,
          2,
          null,
          null,
          null,
          1,
          null,
          null,
          null,
          1,
          5,
          null,
          5,
          5,
          null,
          5,
          5,
          6,
          3,
          null,
          4,
          2,
          null,
          null,
          null,
          null,
          null,
          null,
          1,
          4,
          4,
          3,
          3,
          3,
          null,
          6,
          3,
          null,
          2,
          1,
          null,
          null,
          null,
          null,
          1,
          null,
          null,
          0,
          null,
          null,
          null,
          null,
          1,
          2,
          null,
          2,
          4,
          2,
          null,
          null,
          null,
          1,
          null,
          4,
          null,
          null,
          4,
          0,
          null,
          null,
          null,
          0,
          null,
          null,
          0,
          null,
          0,
          null,
          0,
          null,
          0,
          0,
          null,
          null,
          null,
          0,
          0,
          null,
          0,
          0,
          null,
          null,
          null,
          null,
          1,
          null,
          1,
          13,
          null,
          null,
          null,
          1,
          9,
          null,
          null
        ]
      },
      "/mnt/c/Users/maxma/Documents/School/Masters/csce-606/csce-606-autograder-frontend/app/controllers/pages_controller.rb": {
        "lines": [
          1,
          1,
          null,
          null
        ]
      },
      "/mnt/c/Users/maxma/Documents/School/Masters/csce-606/csce-606-autograder-frontend/app/controllers/sessions_controller.rb": {
        "lines": [
          1,
          1,
          4,
          4,
          4,
          3,
          3,
          3,
          null,
          1,
          1,
          null,
          null,
          null,
          1,
          1,
          1,
          null,
          null,
          1,
          null,
          1,
          4,
          4,
          4,
          null,
          null
        ]
      },
      "/mnt/c/Users/maxma/Documents/School/Masters/csce-606/csce-606-autograder-frontend/app/controllers/users_controller.rb": {
        "lines": [
          1,
          1,
          1,
          null,
          null,
          1,
          2,
          2,
          null,
          null,
          1,
          5,
          5,
          5,
          5,
          null,
          null,
          5,
          5,
          null,
          null,
          5,
          null,
          5,
          null,
          null,
          4,
          3,
          3,
          null,
          1,
          1,
          1,
          1,
          null,
          null,
          1,
          1,
          1,
          null,
          null,
          null,
          1,
          null,
          1,
          2,
          2,
          2,
          null,
          null,
          2,
          null,
          null,
          2,
          3,
          3,
          null,
          null,
          3,
          2,
          null,
          1,
          1,
          null,
          null,
          null,
          null
        ]
      },
      "/mnt/c/Users/maxma/Documents/School/Masters/csce-606/csce-606-autograder-frontend/app/models/assignment.rb": {
        "lines": [
          1,
          1,
          1,
          1,
          1,
          null,
          1,
          3,
          null,
          null,
          1,
          8,
          null,
          null,
          1,
          null,
          4,
          null,
          null,
          7,
          null,
          4,
          null,
          3,
          3,
          null,
          null,
          1,
          1,
          null,
          null,
          null,
          null,
          1,
          null,
          2,
          2,
          null,
          null,
          2,
          null,
          null,
          2,
          null,
          null,
          null,
          null,
          2,
          null,
          null,
          null,
          2,
          1,
          1,
          null,
          1,
          null,
          null,
          null,
          1,
          1,
          1,
          1,
          null,
          null,
          null,
          null,
          null,
          null,
          0,
          null,
          null,
          null,
          null,
          null,
          null,
          null,
          null,
          1,
          null,
          null,
          1,
          2,
          1,
          1,
          null,
          null,
          null,
          1,
          2,
          1,
          null,
          null,
          1,
          null,
          8,
          8,
          8,
          null,
          8,
          null,
          null,
          7,
          null,
          5,
          5,
          null,
          0,
          null,
          null,
          1,
          1,
          null,
          1,
          1,
          null,
          null,
          5,
          null,
          1,
          1,
          null,
          null,
          4,
          4,
          null,
          1,
          1,
          null,
          3,
          null,
          null,
          1,
          2,
          null,
          2,
          null,
          null,
          null,
          null,
          2,
          2,
          null,
          1,
          1,
          null,
          1,
          null,
          null,
          1,
          null,
          2,
          null,
          2,
          null,
          1,
          1,
          null,
          null,
          null,
          1,
          null,
          3,
          3,
          null,
          1,
          1,
          null,
          null,
          null
        ]
      },
      "/mnt/c/Users/maxma/Documents/School/Masters/csce-606/csce-606-autograder-frontend/app/models/test.rb": {
        "lines": [
          1,
          1,
          1,
          null,
          null,
          null,
          1,
          1,
          null,
          1,
          1,
          null,
          45,
          null,
          1,
          1,
          1,
          1,
          null
        ]
      },
      "/mnt/c/Users/maxma/Documents/School/Masters/csce-606/csce-606-autograder-frontend/app/models/application_record.rb": {
        "lines": [
          1,
          1,
          null
        ]
      },
      "/mnt/c/Users/maxma/Documents/School/Masters/csce-606/csce-606-autograder-frontend/app/models/user.rb": {
        "lines": [
          1,
          1,
          null,
          1,
          3,
          3,
          3,
          3,
          3,
          2,
          null,
          null
        ]
      },
      "/mnt/c/Users/maxma/Documents/School/Masters/csce-606/csce-606-autograder-frontend/app/controllers/tests_controller.rb": {
        "lines": [
          1,
          1,
          1,
          null,
          null,
          null,
          1,
          2,
          null,
          null,
          null,
          1,
          null,
          null,
          null,
          1,
          2,
          null,
          null,
          null,
          1,
          null,
          null,
          null,
          1,
          3,
          3,
          null,
          3,
          3,
          4,
          2,
          null,
          null,
          1,
          1,
          1,
          2,
          1,
          null,
          null,
          null,
          null,
          null,
          null,
          1,
          3,
          3,
          null,
          3,
          3,
          4,
          2,
          null,
          null,
          1,
          1,
          1,
          2,
          1,
          null,
          null,
          null,
          null,
          null,
          null,
          1,
          2,
          2,
          2,
          null,
          2,
          4,
          2,
          null,
          null,
          null,
          null,
          null,
          1,
          null,
          1,
          16,
          null,
          null,
          1,
          9,
          9,
          null,
          null,
          1,
          null,
          2,
          2,
          null,
          2,
          null,
          11,
          5,
          null,
          6,
          null,
          null,
          null,
          null,
          2,
          null,
          null,
          2,
          2,
          null,
          null,
          null,
          2,
          null,
          null,
          2,
          null,
          null,
          null,
          null,
          null,
          1,
          6,
          null,
          null
        ]
      },
      "/mnt/c/Users/maxma/Documents/School/Masters/csce-606/csce-606-autograder-frontend/app/channels/application_cable/connection.rb": {
        "lines": [
          0,
          0,
          0,
          0
        ],
        "branches": {
        }
      },
      "/mnt/c/Users/maxma/Documents/School/Masters/csce-606/csce-606-autograder-frontend/app/jobs/application_job.rb": {
        "lines": [
          0,
          null,
          null,
          null,
          null,
          null,
          0
        ],
        "branches": {
        }
      },
      "/mnt/c/Users/maxma/Documents/School/Masters/csce-606/csce-606-autograder-frontend/app/mailers/application_mailer.rb": {
        "lines": [
          0,
          0,
          0,
          0
        ],
        "branches": {
        }
      }
    },
    "timestamp": 1728261846
  },
  "Cucumber Features": {
    "coverage": {
      "/home/banna/Autograder/csce-606-autograder-frontend/app/models/test.rb": {
        "lines": [
          1,
          1,
          1,
          null,
          null,
          null,
          1,
          1,
          null,
          1,
          1,
          null,
          27,
          null,
          1,
          1,
          1,
          1,
          null
        ]
      },
      "/home/banna/Autograder/csce-606-autograder-frontend/app/models/application_record.rb": {
        "lines": [
          1,
          1,
          null
        ]
      },
      "/home/banna/Autograder/csce-606-autograder-frontend/app/models/assignment.rb": {
        "lines": [
          1,
          1,
          1,
          1,
          1,
          null,
          1,
          0,
          null,
          null,
          1,
          0,
          null,
          null,
          1,
          null,
          0,
          null,
          null,
          0,
          null,
          0,
          null,
          0,
          0,
          null,
          null,
          0,
          0,
          null,
          null,
          null,
          null,
          1,
          null,
          0,
          0,
          null,
          null,
          0,
          null,
          null,
          0,
          null,
          null,
          null,
          null,
          0,
          null,
          null,
          null,
          0,
          0,
          0,
          null,
          0,
          null,
          null,
          null,
          1,
          0,
          0,
          0,
          null,
          null,
          null,
          null,
          null,
          null,
          0,
          null,
          null,
          null,
          null,
          null,
          null,
          null,
          null,
          1,
          null,
          null,
          1,
          0,
          0,
          0,
          null,
          null,
          null,
          1,
          0,
          0,
          null,
          null,
          1,
          null,
          0,
          0,
          0,
          null,
          0,
          null,
          null,
          0,
          null,
          0,
          0,
          null,
          0,
          null,
          null,
          0,
          0,
          null,
          0,
          0,
          null,
          null,
          0,
          null,
          0,
          0,
          null,
          null,
          0,
          0,
          null,
          0,
          0,
          null,
          0,
          null,
          null,
          1,
          0,
          null,
          0,
          null,
          null,
          null,
          null,
          0,
          0,
          null,
          0,
          0,
          null,
          0,
          null,
          null,
          1,
          null,
          0,
          null,
          0,
          null,
          0,
          0,
          null,
          null,
          null,
          1,
          null,
          0,
          0,
          null,
          0,
          0,
          null,
          null,
          null
        ]
      },
      "/home/banna/Autograder/csce-606-autograder-frontend/app/controllers/assignments_controller.rb": {
        "lines": [
          1,
          1,
          null,
          null,
          1,
          0,
          null,
          null,
          1,
          72,
          72,
          72,
          72,
          null,
          null,
          null,
          1,
          0,
          null,
          null,
          null,
          1,
          null,
          null,
          null,
          1,
          0,
          null,
          0,
          0,
          null,
          0,
          0,
          0,
          0,
          null,
          0,
          0,
          null,
          null,
          null,
          null,
          null,
          null,
          1,
          0,
          0,
          0,
          0,
          0,
          null,
          0,
          0,
          null,
          0,
          0,
          null,
          null,
          null,
          null,
          1,
          null,
          null,
          0,
          null,
          null,
          null,
          null,
          1,
          0,
          null,
          0,
          0,
          0,
          null,
          null,
          null,
          1,
          null,
          0,
          null,
          null,
          0,
          0,
          null,
          null,
          null,
          0,
          null,
          null,
          0,
          null,
          0,
          null,
          0,
          null,
          0,
          0,
          null,
          null,
          null,
          0,
          0,
          null,
          0,
          0,
          null,
          null,
          null,
          null,
          1,
          null,
          1,
          72,
          null,
          null,
          null,
          1,
          0,
          null,
          null
        ]
      },
      "/home/banna/Autograder/csce-606-autograder-frontend/app/controllers/application_controller.rb": {
        "lines": [
          1,
          null,
          1,
          null,
          1,
          null,
          1,
          null,
          1,
          0,
          null,
          null
        ]
      },
      "/home/banna/Autograder/csce-606-autograder-frontend/app/helpers/application_helper.rb": {
        "lines": [
          1,
          null
        ]
      },
      "/home/banna/Autograder/csce-606-autograder-frontend/app/helpers/assignments_helper.rb": {
        "lines": [
          null,
          1,
          null
        ]
      },
      "/home/banna/Autograder/csce-606-autograder-frontend/app/helpers/pages_helper.rb": {
        "lines": [
          1,
          null
        ]
      },
      "/home/banna/Autograder/csce-606-autograder-frontend/app/helpers/sessions_helper.rb": {
        "lines": [
          1,
          null
        ]
      },
      "/home/banna/Autograder/csce-606-autograder-frontend/app/helpers/tests_helper.rb": {
        "lines": [
          1,
          null
        ]
      },
      "/home/banna/Autograder/csce-606-autograder-frontend/app/helpers/users_helper.rb": {
        "lines": [
          1,
          null
        ]
      },
      "/home/banna/Autograder/csce-606-autograder-frontend/app/controllers/tests_controller.rb": {
        "lines": [
          1,
          1,
          1,
          null,
          null,
          null,
          1,
          0,
          null,
          null,
          null,
          1,
          null,
          null,
          null,
          1,
          0,
          null,
          null,
          null,
          1,
          null,
          null,
          null,
          1,
          24,
          24,
          null,
          24,
          24,
          6,
          3,
          null,
          null,
          21,
          21,
          21,
          42,
          21,
          null,
          null,
          null,
          null,
          null,
          null,
          1,
          0,
          0,
          null,
          0,
          0,
          0,
          0,
          null,
          null,
          0,
          0,
          0,
          0,
          0,
          null,
          null,
          null,
          null,
          null,
          null,
          1,
          0,
          0,
          0,
          null,
          0,
          0,
          0,
          null,
          null,
          null,
          null,
          null,
          1,
          null,
          1,
          24,
          null,
          null,
          1,
          0,
          0,
          null,
          null,
          1,
          null,
          21,
          21,
          null,
          21,
          null,
          36,
          18,
          null,
          18,
          null,
          null,
          null,
          null,
          21,
          null,
          null,
          21,
          13,
          null,
          null,
          null,
          21,
          null,
          null,
          21,
          null,
          null,
          null,
          null,
          null,
          1,
          24,
          null,
          null
        ]
      },
      "/home/banna/Autograder/csce-606-autograder-frontend/app/channels/application_cable/channel.rb": {
        "lines": [
          0,
          0,
          0,
          0
        ],
        "branches": {
        }
      },
      "/home/banna/Autograder/csce-606-autograder-frontend/app/channels/application_cable/connection.rb": {
        "lines": [
          0,
          0,
          0,
          0
        ],
        "branches": {
        }
      },
      "/home/banna/Autograder/csce-606-autograder-frontend/app/controllers/pages_controller.rb": {
        "lines": [
          0,
          0,
          0,
          0
        ],
        "branches": {
        }
      },
      "/home/banna/Autograder/csce-606-autograder-frontend/app/controllers/sessions_controller.rb": {
        "lines": [
          0,
          0,
          0,
          0,
          0,
          0,
          0,
          0,
          0,
          0,
          0,
          0,
          0,
          null,
          0,
          0,
          0,
          0,
          null,
          0,
          null,
          0,
          0,
          0,
          0,
          0,
          0
        ],
        "branches": {
        }
      },
      "/home/banna/Autograder/csce-606-autograder-frontend/app/controllers/users_controller.rb": {
        "lines": [
          0,
          0,
          0,
          0,
          null,
          0,
          0,
          0,
          0,
          null,
          0,
          0,
          0,
          0,
          0,
          null,
          null,
          0,
          0,
          null,
          null,
          0,
          null,
          0,
          null,
          0,
          0,
          0,
          0,
          0,
          0,
          0,
          0,
          0,
          0,
          0,
          0,
          0,
          0,
          0,
          0,
          null,
          0,
          null,
          0,
          0,
          0,
          0,
          null,
          null,
          0,
          null,
          null,
          0,
          0,
          0,
          null,
          0,
          0,
          0,
          0,
          0,
          0,
          0,
          0,
          0,
          0
        ],
        "branches": {
        }
      },
      "/home/banna/Autograder/csce-606-autograder-frontend/app/jobs/application_job.rb": {
        "lines": [
          0,
          null,
          null,
          null,
          null,
          null,
          0
        ],
        "branches": {
        }
      },
      "/home/banna/Autograder/csce-606-autograder-frontend/app/mailers/application_mailer.rb": {
        "lines": [
          0,
          0,
          0,
          0
        ],
        "branches": {
        }
      },
      "/home/banna/Autograder/csce-606-autograder-frontend/app/models/user.rb": {
        "lines": [
          0,
          0,
          null,
          0,
          0,
          0,
          0,
          0,
          0,
          0,
          0,
          0
        ],
        "branches": {
        }
      }
    },
    "timestamp": 1728266694
  }
}
