{
  "RSpec": {
    "coverage": {
      "/Users/walkerjames/Autograded_frontend_new/csce-606-autograder-frontend/app/helpers/application_helper.rb": {
        "lines": [
          1,
          null
        ]
      },
      "/Users/walkerjames/Autograded_frontend_new/csce-606-autograder-frontend/app/helpers/assignments_helper.rb": {
        "lines": [
          1,
          null
        ]
      },
      "/Users/walkerjames/Autograded_frontend_new/csce-606-autograder-frontend/app/helpers/pages_helper.rb": {
        "lines": [
          1,
          null
        ]
      },
      "/Users/walkerjames/Autograded_frontend_new/csce-606-autograder-frontend/app/helpers/sessions_helper.rb": {
        "lines": [
          1,
          null
        ]
      },
      "/Users/walkerjames/Autograded_frontend_new/csce-606-autograder-frontend/app/helpers/tests_helper.rb": {
        "lines": [
          1,
          null
        ]
      },
      "/Users/walkerjames/Autograded_frontend_new/csce-606-autograder-frontend/app/helpers/users_helper.rb": {
        "lines": [
          1,
          null
        ]
      },
      "/Users/walkerjames/Autograded_frontend_new/csce-606-autograder-frontend/app/models/assignment.rb": {
        "lines": [
          1,
          1,
          1,
          null,
          1,
          null,
          0,
          null,
          null,
          0,
          null,
          0,
          null,
          0,
          0,
          null,
          null,
          0,
          0,
          null,
          null,
          null,
          null,
          1,
          null,
          0,
          0,
          null,
          null,
          0,
          null,
          null,
          0,
          null,
          null,
          null,
          null,
          0,
          null,
          null,
          null,
          0,
          0,
          0,
          null,
          0,
          null,
          null,
          null,
          1,
          null,
          null,
          1,
          0,
          0,
          0,
          null,
          null,
          null,
          1,
          0,
          0,
          null,
          null
        ]
      },
      "/Users/walkerjames/Autograded_frontend_new/csce-606-autograder-frontend/app/controllers/assignments_controller.rb": {
        "lines": [
          1,
          1,
          null,
          null,
          1,
          0,
          null,
          null,
          1,
          1,
          1,
          1,
          1,
          null,
          null,
          null,
          1,
          0,
          null,
          null,
          null,
          1,
          null,
          null,
          null,
          1,
          0,
          null,
          0,
          0,
          0,
          0,
          null,
          0,
          0,
          null,
          null,
          null,
          null,
          null,
          null,
          1,
          0,
          0,
          0,
          0,
          0,
          0,
          0,
          0,
          null,
          0,
          0,
          null,
          null,
          null,
          null,
          1,
          null,
          null,
          0,
          null,
          null,
          null,
          null,
          1,
          0,
          null,
          0,
          0,
          0,
          null,
          null,
          null,
          null,
          1,
          null,
          2,
          null,
          null,
          2,
          null,
          null,
          2,
          null,
          null,
          2,
          null,
          null,
          2,
          null,
          null,
          2,
          null,
          2,
          null,
          null,
          2,
          1,
          null,
          null,
          2,
          1,
          null,
          1,
          1,
          null,
          null,
          null,
          1,
          null,
          1,
          1,
          null,
          null,
          null,
          1,
          0,
          null,
          null
        ]
      },
      "/Users/walkerjames/Autograded_frontend_new/csce-606-autograder-frontend/app/controllers/application_controller.rb": {
        "lines": [
          1,
          null,
          1,
          null,
          1,
          null,
          1,
          null,
          1,
          0,
          null,
          null
        ]
      },
      "/Users/walkerjames/Autograded_frontend_new/csce-606-autograder-frontend/app/models/test.rb": {
        "lines": [
          1,
          1,
          1,
          null,
          null,
          null,
          1,
          1,
          null,
          1,
          1,
          null,
          1,
          null,
          1,
          1,
          1,
          1,
          null
        ]
      },
      "/Users/walkerjames/Autograded_frontend_new/csce-606-autograder-frontend/app/models/application_record.rb": {
        "lines": [
          1,
          1,
          null
        ]
      },
      "/Users/walkerjames/Autograded_frontend_new/csce-606-autograder-frontend/app/channels/application_cable/channel.rb": {
        "lines": [
          0,
          0,
          0,
          0
        ],
        "branches": {
        }
      },
      "/Users/walkerjames/Autograded_frontend_new/csce-606-autograder-frontend/app/channels/application_cable/connection.rb": {
        "lines": [
          0,
          0,
          0,
          0
        ],
        "branches": {
        }
      },
      "/Users/walkerjames/Autograded_frontend_new/csce-606-autograder-frontend/app/controllers/pages_controller.rb": {
        "lines": [
          0,
          0,
          0,
          0
        ],
        "branches": {
        }
      },
      "/Users/walkerjames/Autograded_frontend_new/csce-606-autograder-frontend/app/controllers/sessions_controller.rb": {
        "lines": [
          0,
          0,
          0,
          0,
          0,
          0,
          0,
          0,
          0,
          0,
          0,
          0,
          0,
          null,
          0,
          0,
          0,
          0,
          null,
          0,
          null,
          0,
          0,
          0,
          0,
          0,
          0
        ],
        "branches": {
        }
      },
      "/Users/walkerjames/Autograded_frontend_new/csce-606-autograder-frontend/app/controllers/tests_controller.rb": {
        "lines": [
          0,
          0,
          0,
          null,
          null,
          null,
          0,
          0,
          0,
          null,
          null,
          0,
          0,
          null,
          null,
          0,
          0,
          0,
          null,
          null,
          0,
          0,
          null,
          null,
          0,
          0,
          0,
          null,
          0,
          0,
          0,
          0,
          0,
          null,
          0,
          0,
          0,
          0,
          0,
          0,
          0,
          0,
          null,
          null,
          null,
          0,
          0,
          0,
          null,
          0,
          0,
          0,
          0,
          0,
          null,
          0,
          0,
          0,
          0,
          0,
          0,
          0,
          0,
          null,
          null,
          null,
          0,
          0,
          0,
          0,
          null,
          0,
          0,
          0,
          0,
          0,
          null,
          null,
          null,
          0,
          null,
          0,
          0,
          0,
          null,
          0,
          0,
          0,
          0,
          null,
          0,
          null,
          0,
          0,
          null,
          0,
          null,
          0,
          0,
          0,
          0,
          0,
          0,
          null,
          null,
          0,
          null,
          null,
          0,
          0,
          0,
          null,
          null,
          0,
          null,
          null,
          0,
          0,
          null,
          null,
          null,
          null,
          0,
          0,
          0,
          0
        ],
        "branches": {
        }
      },
      "/Users/walkerjames/Autograded_frontend_new/csce-606-autograder-frontend/app/controllers/users_controller.rb": {
        "lines": [
          0,
          0,
          0,
          0,
          null,
          0,
          0,
          0,
          0,
          null,
          0,
          0,
          0,
          0,
          0,
          null,
          null,
          0,
          0,
          null,
          null,
          0,
          null,
          0,
          null,
          0,
          0,
          0,
          0,
          0,
          0,
          0,
          0,
          0,
          0,
          0,
          0,
          0,
          0,
          0,
          0,
          null,
          0,
          null,
          0,
          0,
          0,
          0,
          null,
          null,
          0,
          null,
          null,
          0,
          0,
          0,
          null,
          0,
          0,
          0,
          0,
          0,
          0,
          0,
          0,
          0,
          0
        ],
        "branches": {
        }
      },
      "/Users/walkerjames/Autograded_frontend_new/csce-606-autograder-frontend/app/jobs/application_job.rb": {
        "lines": [
          0,
          null,
          null,
          null,
          null,
          null,
          0
        ],
        "branches": {
        }
      },
      "/Users/walkerjames/Autograded_frontend_new/csce-606-autograder-frontend/app/mailers/application_mailer.rb": {
        "lines": [
          0,
          0,
          0,
          0
        ],
        "branches": {
        }
      },
      "/Users/walkerjames/Autograded_frontend_new/csce-606-autograder-frontend/app/models/user.rb": {
        "lines": [
          0,
          0,
          null,
          0,
          0,
          0,
          0,
          0,
          0,
          0,
          0,
          0
        ],
        "branches": {
        }
      }
    },
    "timestamp": 1728183157
  },
  "Cucumber Features": {
    "coverage": {
      "/Users/walkerjames/Autograded_frontend_new/csce-606-autograder-frontend/app/models/test.rb": {
        "lines": [
          1,
          1,
          1,
          null,
          null,
          null,
          1,
          1,
          null,
          1,
          1,
          null,
          89,
          null,
          1,
          1,
          1,
          1,
          null
        ]
      },
      "/Users/walkerjames/Autograded_frontend_new/csce-606-autograder-frontend/app/models/application_record.rb": {
        "lines": [
          1,
          1,
          null
        ]
      },
      "/Users/walkerjames/Autograded_frontend_new/csce-606-autograder-frontend/app/models/assignment.rb": {
        "lines": [
          1,
          1,
          1,
          null,
          1,
          null,
          0,
          null,
          null,
          0,
          null,
          0,
          null,
          0,
          0,
          null,
          null,
          0,
          0,
          null,
          null,
          null,
          null,
          1,
          null,
          0,
          0,
          null,
          null,
          0,
          null,
          null,
          0,
          null,
          null,
          null,
          null,
          0,
          null,
          null,
          null,
          0,
          0,
          0,
          null,
          0,
          null,
          null,
          null,
          1,
          null,
          null,
          1,
          0,
          0,
          0,
          null,
          null,
          null,
          1,
          0,
          0,
          null,
          null
        ]
      },
      "/Users/walkerjames/Autograded_frontend_new/csce-606-autograder-frontend/app/controllers/assignments_controller.rb": {
        "lines": [
          1,
          1,
          null,
          null,
          1,
          0,
          null,
          null,
          1,
          279,
          279,
          279,
          279,
          null,
          null,
          null,
          1,
          0,
          null,
          null,
          null,
          1,
          null,
          null,
          null,
          1,
          0,
          null,
          0,
          0,
          0,
          0,
          null,
          0,
          0,
          null,
          null,
          null,
          null,
          null,
          null,
          1,
          0,
          0,
          0,
          0,
          0,
          0,
          0,
          0,
          null,
          0,
          0,
          null,
          null,
          null,
          null,
          1,
          null,
          null,
          0,
          null,
          null,
          null,
          null,
          1,
          0,
          null,
          0,
          0,
          0,
          null,
          null,
          null,
          null,
          1,
          null,
          1,
          null,
          null,
          1,
          null,
          null,
          1,
          null,
          null,
          1,
          null,
          null,
          1,
          null,
          null,
          1,
          null,
          1,
          null,
          null,
          1,
          1,
          null,
          null,
          1,
          1,
          null,
          0,
          0,
          null,
          null,
          null,
          1,
          null,
          1,
          279,
          null,
          null,
          null,
          1,
          0,
          null,
          null
        ]
      },
      "/Users/walkerjames/Autograded_frontend_new/csce-606-autograder-frontend/app/controllers/application_controller.rb": {
        "lines": [
          1,
          null,
          1,
          null,
          1,
          null,
          1,
          null,
          1,
          0,
          null,
          null
        ]
      },
      "/Users/walkerjames/Autograded_frontend_new/csce-606-autograder-frontend/app/helpers/application_helper.rb": {
        "lines": [
          1,
          null
        ]
      },
      "/Users/walkerjames/Autograded_frontend_new/csce-606-autograder-frontend/app/helpers/assignments_helper.rb": {
        "lines": [
          1,
          null
        ]
      },
      "/Users/walkerjames/Autograded_frontend_new/csce-606-autograder-frontend/app/helpers/pages_helper.rb": {
        "lines": [
          1,
          null
        ]
      },
      "/Users/walkerjames/Autograded_frontend_new/csce-606-autograder-frontend/app/helpers/sessions_helper.rb": {
        "lines": [
          1,
          null
        ]
      },
      "/Users/walkerjames/Autograded_frontend_new/csce-606-autograder-frontend/app/helpers/tests_helper.rb": {
        "lines": [
          1,
          null
        ]
      },
      "/Users/walkerjames/Autograded_frontend_new/csce-606-autograder-frontend/app/helpers/users_helper.rb": {
        "lines": [
          1,
          null
        ]
      },
      "/Users/walkerjames/Autograded_frontend_new/csce-606-autograder-frontend/app/controllers/tests_controller.rb": {
        "lines": [
          1,
          1,
          1,
          null,
          null,
          null,
          1,
          0,
          null,
          null,
          null,
          1,
          null,
          null,
          null,
          1,
          0,
          null,
          null,
          null,
          1,
          null,
          null,
          null,
          1,
          70,
          70,
          null,
          70,
          70,
          76,
          38,
          null,
          null,
          32,
          32,
          32,
          64,
          32,
          null,
          null,
          null,
          null,
          null,
          null,
          1,
          16,
          16,
          null,
          16,
          16,
          16,
          8,
          null,
          null,
          8,
          8,
          8,
          16,
          8,
          null,
          null,
          null,
          null,
          null,
          null,
          1,
          8,
          8,
          8,
          null,
          8,
          16,
          8,
          null,
          null,
          null,
          null,
          null,
          1,
          null,
          1,
          94,
          null,
          null,
          1,
          24,
          24,
          null,
          null,
          1,
          null,
          40,
          40,
          null,
          40,
          null,
          64,
          26,
          null,
          38,
          null,
          null,
          null,
          null,
          40,
          null,
          null,
          40,
          21,
          null,
          null,
          null,
          40,
          null,
          null,
          40,
          null,
          null,
          null,
          null,
          null,
          1,
          86,
          null,
          null
        ]
      },
      "/Users/walkerjames/Autograded_frontend_new/csce-606-autograder-frontend/app/channels/application_cable/channel.rb": {
        "lines": [
          0,
          0,
          0,
          0
        ],
        "branches": {
        }
      },
      "/Users/walkerjames/Autograded_frontend_new/csce-606-autograder-frontend/app/channels/application_cable/connection.rb": {
        "lines": [
          0,
          0,
          0,
          0
        ],
        "branches": {
        }
      },
      "/Users/walkerjames/Autograded_frontend_new/csce-606-autograder-frontend/app/controllers/pages_controller.rb": {
        "lines": [
          0,
          0,
          0,
          0
        ],
        "branches": {
        }
      },
      "/Users/walkerjames/Autograded_frontend_new/csce-606-autograder-frontend/app/controllers/sessions_controller.rb": {
        "lines": [
          0,
          0,
          0,
          0,
          0,
          0,
          0,
          0,
          0,
          0,
          0,
          0,
          0,
          null,
          0,
          0,
          0,
          0,
          null,
          0,
          null,
          0,
          0,
          0,
          0,
          0,
          0
        ],
        "branches": {
        }
      },
      "/Users/walkerjames/Autograded_frontend_new/csce-606-autograder-frontend/app/controllers/users_controller.rb": {
        "lines": [
          0,
          0,
          0,
          0,
          null,
          0,
          0,
          0,
          0,
          null,
          0,
          0,
          0,
          0,
          0,
          null,
          null,
          0,
          0,
          null,
          null,
          0,
          null,
          0,
          null,
          0,
          0,
          0,
          0,
          0,
          0,
          0,
          0,
          0,
          0,
          0,
          0,
          0,
          0,
          0,
          0,
          null,
          0,
          null,
          0,
          0,
          0,
          0,
          null,
          null,
          0,
          null,
          null,
          0,
          0,
          0,
          null,
          0,
          0,
          0,
          0,
          0,
          0,
          0,
          0,
          0,
          0
        ],
        "branches": {
        }
      },
      "/Users/walkerjames/Autograded_frontend_new/csce-606-autograder-frontend/app/jobs/application_job.rb": {
        "lines": [
          0,
          null,
          null,
          null,
          null,
          null,
          0
        ],
        "branches": {
        }
      },
      "/Users/walkerjames/Autograded_frontend_new/csce-606-autograder-frontend/app/mailers/application_mailer.rb": {
        "lines": [
          0,
          0,
          0,
          0
        ],
        "branches": {
        }
      },
      "/Users/walkerjames/Autograded_frontend_new/csce-606-autograder-frontend/app/models/user.rb": {
        "lines": [
          0,
          0,
          null,
          0,
          0,
          0,
          0,
          0,
          0,
          0,
          0,
          0
        ],
        "branches": {
        }
      }
    },
    "timestamp": 1728184306
  }
}
